Arguments: 
  /usr/local/opt/nvm/versions/node/v8.1.2/bin/node /usr/local/opt/nvm/versions/node/v8.1.2/bin/yarn add --dev jest babel-jest babel-preset-env babel-preset-react react-test-renderer

PATH: 
  /usr/local/opt/nvm/versions/node/v8.1.2/bin:/usr/local/bin:/usr/bin:/bin:/usr/sbin:/sbin:/Users/yevgeniy/scala/scala-2.12.2/bin:/Users/yevgeniy/Library/Android/sdk/tools:/Users/yevgeniy/Library/Android/sdk/platform-tools:/Users/yevgeniy/Library/Android/sdk/emulator:/Users/yevgeniy/scala/scala-2.12.2/bin:/Users/yevgeniy/Library/Android/sdk/tools:/Users/yevgeniy/Library/Android/sdk/platform-tools:/Users/yevgeniy/Library/Android/sdk/emulator

Yarn version: 
  1.5.1

Node version: 
  8.1.2

Platform: 
  darwin x64

npm manifest: 
  {
    "name": "node-pcon",
    "version": "1.0.0",
    "description": "Stocks app",
    "main": "server",
    "engines": {
      "node": "8.1.2"
    },
    "scripts": {
      "start": "node server",
      "start-err": "node server --error_demo_mode",
      "test": "npm run test-server && npm run test-client",
      "test-server": "mocha --compilers js:babel-core/register server/test",
      "test-client": "mocha --compilers js:babel-core/register client/**/*.spec.js",
      "start-prod": "npm run build && node server --production",
      "heroku-postbuild": "npm run build",
      "prebuild": "rimraf dist",
      "build": "webpack --config config/webpack.config.prod.js -p",
      "lint": "eslint .",
      "deploy": "git push heroku master",
      "publish": "git push origin master"
    },
    "devDependencies": {
      "chai": "^4.1.1",
      "enzyme": "^2.9.1",
      "eslint": "^4.0.0",
      "eslint-config-airbnb": "^8.0.0",
      "eslint-config-google": "^0.8.0",
      "eslint-plugin-async-await": "0.0.0",
      "eslint-plugin-import": "^1.6.1",
      "eslint-plugin-jsx-a11y": "^1.0.4",
      "eslint-plugin-mocha": "^4.11.0",
      "eslint-plugin-react": "^5.0.1",
      "mocha": "^3.4.2",
      "react-test-renderer": "^15.6.1",
      "redux-devtools-extension": "^2.13.2"
    },
    "dependencies": {
      "babel-jest": "^22.4.3",
      "babel-cli": "^6.24.1",
      "babel-core": "^6.25.0",
      "babel-eslint": "^7.2.3",
      "babel-loader": "^6.4.1",
      "babel-plugin-transform-object-rest-spread": "^6.23.0",
      "babel-preset-es2015": "^6.24.1",
      "babel-preset-react": "^6.24.1",
      "babel-register": "^6.24.1",
      "copy-webpack-plugin": "^4.0.1",
      "express": "^4.15.3",
      "jsdom": "^11.1.0",
      "koa-webpack-middleware": "^1.0.7",
      "webpack": "^3.3.0",
      "babel-polyfill": "^6.23.0",
      "config": "^1.26.1",
      "fs-extra": "^3.0.1",
      "koa": "^2.2.0",
      "koa-bodyparser": "^4.2.0",
      "koa-convert": "^1.2.0",
      "koa-favicon": "^2.0.0",
      "koa-logger": "^3.0.0",
      "koa-router": "^7.2.0",
      "koa-send": "^4.1.0",
      "koa-static": "^3.0.0",
      "lodash": "^4.17.4",
      "material-ui": "^0.19.0",
      "normalizr": "^3.2.3",
      "prop-types": "^15.5.10",
      "react": "^15.6.1",
      "react-dom": "^15.6.1",
      "react-flexbox-grid": "^1.1.4",
      "react-hot-loader": "^1.3.1",
      "react-redux": "^4.4.8",
      "react-router": "^3.0.5",
      "redux": "^3.7.2",
      "redux-logger": "^2.10.2",
      "redux-promise": "^0.5.3",
      "redux-thunk": "^2.2.0",
      "request": "^2.81.0",
      "request-promise": "^4.2.1",
      "rimraf": "^2.6.1",
      "styled-components": "^2.1.2",
      "yargs": "^8.0.2"
    }
  }

yarn manifest: 
  No manifest

Lockfile: 
  No lockfile

Trace: 
  Error: Found incompatible module
      at new MessageError (/usr/local/opt/nvm/versions/node/v8.1.2/lib/node_modules/yarn/lib/cli.js:186:110)
      at checkOne (/usr/local/opt/nvm/versions/node/v8.1.2/lib/node_modules/yarn/lib/cli.js:62444:11)
      at Object.check (/usr/local/opt/nvm/versions/node/v8.1.2/lib/node_modules/yarn/lib/cli.js:62463:5)
      at /usr/local/opt/nvm/versions/node/v8.1.2/lib/node_modules/yarn/lib/cli.js:22803:73
      at Generator.next (<anonymous>)
      at step (/usr/local/opt/nvm/versions/node/v8.1.2/lib/node_modules/yarn/lib/cli.js:98:30)
      at /usr/local/opt/nvm/versions/node/v8.1.2/lib/node_modules/yarn/lib/cli.js:109:13
      at <anonymous>
